<?xml version="1.0" encoding="UTF-8"?>
<!-- Generated by org.testng.reporters.JUnitReportReporter -->
<testsuite hostname="DESKTOP-LI368D8" failures="0" tests="1" name="org.skilljourney.trainings.testngworkshop.Edge196Test" time="20.860" errors="0" timestamp="2024-09-28T10:21:51 IST" skipped="0">
  <testcase classname="org.skilljourney.trainings.testngworkshop.Edge196Test" name="testEmailSubmission" time="20.860"/>
</testsuite> <!-- org.skilljourney.trainings.testngworkshop.Edge196Test -->
