<?xml version="1.0" encoding="UTF-8"?>
<!-- Generated by org.testng.reporters.JUnitReportReporter -->
<testsuite hostname="DESKTOP-LI368D8" failures="0" tests="1" name="org.skilljourney.trainings.pom.tests.TestSkillJourneyPracticeSite" time="0.886" errors="0" timestamp="2024-09-28T13:10:19 IST" skipped="0">
  <testcase classname="org.skilljourney.trainings.pom.tests.TestSkillJourneyPracticeSite" name="verifyForm" time="0.886"/>
</testsuite> <!-- org.skilljourney.trainings.pom.tests.TestSkillJourneyPracticeSite -->
