<?xml version="1.0" encoding="UTF-8"?>
<!-- Generated by org.testng.reporters.JUnitReportReporter -->
<testsuite hostname="DESKTOP-LI368D8" failures="0" tests="1" name="org.skilljourney.trainings.testng.AnnotationsExample" time="0.031" errors="0" timestamp="2024-09-22T09:45:59 IST" skipped="0">
  <testcase classname="org.skilljourney.trainings.testng.AnnotationsExample" name="myFirstTestNGTest" time="0.031"/>
</testsuite> <!-- org.skilljourney.trainings.testng.AnnotationsExample -->
