<?xml version="1.0" encoding="UTF-8"?>
<!-- Generated by org.testng.reporters.JUnitReportReporter -->
<testsuite hostname="DESKTOP-LI368D8" failures="0" tests="3" name="org.skilljourney.trainings.testngworkshop.FirstTestNGExample" time="0.028" errors="0" timestamp="2024-09-22T13:07:45 IST" skipped="0">
  <testcase classname="org.skilljourney.trainings.testngworkshop.FirstTestNGExample" name="myFirstTest" time="0.018"/>
  <testcase classname="org.skilljourney.trainings.testngworkshop.FirstTestNGExample" name="mySecondTest" time="0.005"/>
  <testcase classname="org.skilljourney.trainings.testngworkshop.FirstTestNGExample" name="myThirdTest" time="0.005"/>
</testsuite> <!-- org.skilljourney.trainings.testngworkshop.FirstTestNGExample -->
