<?xml version="1.0" encoding="UTF-8"?>
<!-- Generated by org.testng.reporters.JUnitReportReporter -->
<testsuite hostname="DESKTOP-LI368D8" failures="0" tests="1" name="org.skilljourney.trainings.testngworkshop.RediffFinanceTableTest" time="32.817" errors="0" timestamp="2024-09-28T11:20:45 IST" skipped="0">
  <testcase classname="org.skilljourney.trainings.testngworkshop.RediffFinanceTableTest" name="testPriceGreaterThan100alternate" time="32.817"/>
</testsuite> <!-- org.skilljourney.trainings.testngworkshop.RediffFinanceTableTest -->
