<?xml version="1.0" encoding="UTF-8"?>
<!-- Generated by org.testng.reporters.JUnitReportReporter -->
<testsuite hostname="DESKTOP-LI368D8" failures="0" tests="5" name="org.skilljourney.trainings.testngworkshop.TestNGDataDrivenExample" time="0.024" errors="0" timestamp="2024-09-29T09:38:32 IST" skipped="0">
  <testcase classname="org.skilljourney.trainings.testngworkshop.TestNGDataDrivenExample" name="testWithData" time="0.011"/>
  <testcase classname="org.skilljourney.trainings.testngworkshop.TestNGDataDrivenExample" name="testWithData" time="0.006"/>
  <testcase classname="org.skilljourney.trainings.testngworkshop.TestNGDataDrivenExample" name="testWithData" time="0.002"/>
  <testcase classname="org.skilljourney.trainings.testngworkshop.TestNGDataDrivenExample" name="testWithData" time="0.002"/>
  <testcase classname="org.skilljourney.trainings.testngworkshop.TestNGDataDrivenExample" name="testWithData" time="0.003"/>
</testsuite> <!-- org.skilljourney.trainings.testngworkshop.TestNGDataDrivenExample -->
