<?xml version="1.0" encoding="UTF-8"?>
<!-- Generated by org.testng.reporters.JUnitReportReporter -->
<testsuite hostname="DESKTOP-LI368D8" failures="0" tests="5" name="org.skilljourney.trainings.pom.tests.BasicFormsTest" time="4.934" errors="0" timestamp="2024-09-29T11:52:28 IST" skipped="0">
  <testcase classname="org.skilljourney.trainings.pom.tests.BasicFormsTest" name="testSubmitBasicForm" time="0.753"/>
  <testcase classname="org.skilljourney.trainings.pom.tests.BasicFormsTest" name="testSubmitBasicForm" time="0.757"/>
  <testcase classname="org.skilljourney.trainings.pom.tests.BasicFormsTest" name="testSubmitBasicForm" time="2.024"/>
  <testcase classname="org.skilljourney.trainings.pom.tests.BasicFormsTest" name="testSubmitBasicForm" time="0.665"/>
  <testcase classname="org.skilljourney.trainings.pom.tests.BasicFormsTest" name="testSubmitBasicForm" time="0.735"/>
</testsuite> <!-- org.skilljourney.trainings.pom.tests.BasicFormsTest -->
