<?xml version="1.0" encoding="UTF-8"?>
<!-- Generated by org.testng.reporters.JUnitReportReporter -->
<testsuite hostname="DESKTOP-LI368D8" failures="0" tests="1" name="org.skilljourney.trainings.testngworkshop.GoogleTests" time="1.594" errors="0" timestamp="2024-09-28T09:45:11 IST" skipped="0">
  <testcase classname="org.skilljourney.trainings.testngworkshop.GoogleTests" name="suggestionsTest" time="1.594"/>
</testsuite> <!-- org.skilljourney.trainings.testngworkshop.GoogleTests -->
